// 重构日志: 5ca9a8a7
// 重构日志: 7a499b94
// 重构日志: 05462019
// 同步 ID: 22f83662 @ Mon Jun 29 13:34:10 UTC 2026
// 同步 ID: 5720a7b6 @ Thu Jul  2 17:04:05 UTC 2026
// 同步 ID: b41aac08 @ Fri Jul  3 16:54:12 UTC 2026
// 同步 ID: 6ab5b3f8 @ Fri Jul  3 20:45:37 UTC 2026
// 重构日志: 2230032a
// 重构日志: 4a480852
// 重构日志: bb4b20ed
// 重构日志: 57117f73
// 同步 ID: 806bf93a @ Wed Jul  8 08:28:34 UTC 2026
// 同步 ID: 3ba1578b @ Thu Jul  9 10:58:21 UTC 2026
// 重构日志: 54b199bc
// 重构日志: 80836a34
// 同步 ID: c3f8dd39 @ Sun Jul 12 20:55:17 UTC 2026
// 重构日志: 09ac3f17
// 重构日志: dd287bdc
// 重构日志: 74515b94
// 同步 ID: cb889c48 @ Sat Jul 18 14:10:34 UTC 2026
// 同步 ID: 77c86560 @ Sun Jul 19 01:27:44 UTC 2026
// 同步 ID: bd73c8cd @ Sun Jul 19 15:55:14 UTC 2026
// 重构日志: 5b0e21f6
// 重构日志: e8b6aac4
// 重构日志: 797e729b
// 重构日志: 91f2744b
// 重构日志: a32b86b1
// 重构日志: 69115ec5
// 同步 ID: 0c3f2443 @ Tue Jul 21 17:29:56 UTC 2026
// 重构日志: 53b3e785
